# JRE version: Java(TM) SE Runtime Environment (8.0_45-b14) (build 1.8.0_45-b14)
# Java VM: Java HotSpot(TM) 64-Bit Server VM (25.45-b02 mixed mode bsd-amd64 compressed oops)
Heap:
 PSYoungGen      total 143872K, used 63696K [0x0000000795580000, 0x000000079ed80000, 0x00000007c0000000)
  eden space 133120K, 43% used [0x0000000795580000,0x0000000798e9c760,0x000000079d780000)
  from space 10752K, 48% used [0x000000079e300000,0x000000079e8179b0,0x000000079ed80000)
  to   space 11264K, 0% used [0x000000079d780000,0x000000079d780000,0x000000079e280000)
 ParOldGen       total 87552K, used 6761K [0x0000000740000000, 0x0000000745580000, 0x0000000795580000)
  object space 87552K, 7% used [0x0000000740000000,0x000000074069a480,0x0000000745580000)
 Metaspace       used 16986K, capacity 17928K, committed 18048K, reserved 1064960K
  class space    used 2405K, capacity 2639K, committed 2688K, reserved 1048576K
GC Heap History (10 events):
Event: 1.448 GC heap before
{Heap before GC invocations=2 (full 0):
 PSYoungGen      total 38400K, used 38032K [0x0000000795580000, 0x0000000798000000, 0x00000007c0000000)
  eden space 33280K, 99% used [0x0000000795580000,0x00000007975fb928,0x0000000797600000)
  from space 5120K, 93% used [0x0000000797600000,0x0000000797aa8ab0,0x0000000797b00000)
  to   space 5120K, 0% used [0x0000000797b00000,0x0000000797b00000,0x0000000798000000)
 ParOldGen       total 87552K, used 16K [0x0000000740000000, 0x0000000745580000, 0x0000000795580000)
  object space 87552K, 0% used [0x0000000740000000,0x0000000740004000,0x0000000745580000)
 Metaspace       used 16582K, capacity 17500K, committed 17792K, reserved 1064960K
  class space    used 2362K, capacity 2591K, committed 2688K, reserved 1048576K
Event: 1.456 GC heap after
Heap after GC invocations=2 (full 0):
 PSYoungGen      total 38400K, used 5112K [0x0000000795580000, 0x000000079a080000, 0x00000007c0000000)
  eden space 33280K, 0% used [0x0000000795580000,0x0000000795580000,0x0000000797600000)
  from space 5120K, 99% used [0x0000000797b00000,0x0000000797ffe318,0x0000000798000000)
  to   space 5120K, 0% used [0x0000000797600000,0x0000000797600000,0x0000000797b00000)
 ParOldGen       total 87552K, used 6592K [0x0000000740000000, 0x0000000745580000, 0x0000000795580000)
  object space 87552K, 7% used [0x0000000740000000,0x0000000740670168,0x0000000745580000)
 Metaspace       used 16582K, capacity 17500K, committed 17792K, reserved 1064960K
  class space    used 2362K, capacity 2591K, committed 2688K, reserved 1048576K
}
Event: 1.464 GC heap before
{Heap before GC invocations=3 (full 0):
 PSYoungGen      total 38400K, used 38335K [0x0000000795580000, 0x000000079a080000, 0x00000007c0000000)
  eden space 33280K, 99% used [0x0000000795580000,0x00000007975f1cd0,0x0000000797600000)
  from space 5120K, 99% used [0x0000000797b00000,0x0000000797ffe318,0x0000000798000000)
  to   space 5120K, 0% used [0x0000000797600000,0x0000000797600000,0x0000000797b00000)
 ParOldGen       total 87552K, used 6592K [0x0000000740000000, 0x0000000745580000, 0x0000000795580000)
  object space 87552K, 7% used [0x0000000740000000,0x0000000740670168,0x0000000745580000)
 Metaspace       used 16583K, capacity 17500K, committed 17792K, reserved 1064960K
  class space    used 2362K, capacity 2591K, committed 2688K, reserved 1048576K
Event: 1.467 GC heap after
Heap after GC invocations=3 (full 0):
 PSYoungGen      total 38400K, used 5095K [0x0000000795580000, 0x000000079a080000, 0x00000007c0000000)
  eden space 33280K, 0% used [0x0000000795580000,0x0000000795580000,0x0000000797600000)
  from space 5120K, 99% used [0x0000000797600000,0x0000000797af9e58,0x0000000797b00000)
  to   space 5120K, 0% used [0x0000000799b80000,0x0000000799b80000,0x000000079a080000)
 ParOldGen       total 87552K, used 6660K [0x0000000740000000, 0x0000000745580000, 0x0000000795580000)
  object space 87552K, 7% used [0x0000000740000000,0x0000000740681030,0x0000000745580000)
 Metaspace       used 16583K, capacity 17500K, committed 17792K, reserved 1064960K
  class space    used 2362K, capacity 2591K, committed 2688K, reserved 1048576K
}
Event: 1.472 GC heap before
{Heap before GC invocations=4 (full 0):
 PSYoungGen      total 38400K, used 38362K [0x0000000795580000, 0x000000079a080000, 0x00000007c0000000)
  eden space 33280K, 99% used [0x0000000795580000,0x00000007975fcb28,0x0000000797600000)
  from space 5120K, 99% used [0x0000000797600000,0x0000000797af9e58,0x0000000797b00000)
  to   space 5120K, 0% used [0x0000000799b80000,0x0000000799b80000,0x000000079a080000)
 ParOldGen       total 87552K, used 6660K [0x0000000740000000, 0x0000000745580000, 0x0000000795580000)
  object space 87552K, 7% used [0x0000000740000000,0x0000000740681030,0x0000000745580000)
 Metaspace       used 16583K, capacity 17500K, committed 17792K, reserved 1064960K
  class space    used 2362K, capacity 2591K, committed 2688K, reserved 1048576K
Event: 1.477 GC heap after
Heap after GC invocations=4 (full 0):
 PSYoungGen      total 71680K, used 5102K [0x0000000795580000, 0x000000079a080000, 0x00000007c0000000)
  eden space 66560K, 0% used [0x0000000795580000,0x0000000795580000,0x0000000799680000)
  from space 5120K, 99% used [0x0000000799b80000,0x000000079a07b9f8,0x000000079a080000)
  to   space 5120K, 0% used [0x0000000799680000,0x0000000799680000,0x0000000799b80000)
 ParOldGen       total 87552K, used 6705K [0x0000000740000000, 0x0000000745580000, 0x0000000795580000)
  object space 87552K, 7% used [0x0000000740000000,0x000000074068c430,0x0000000745580000)
 Metaspace       used 16583K, capacity 17500K, committed 17792K, reserved 1064960K
  class space    used 2362K, capacity 2591K, committed 2688K, reserved 1048576K
}
Event: 1.497 GC heap before
{Heap before GC invocations=5 (full 0):
 PSYoungGen      total 71680K, used 71567K [0x0000000795580000, 0x000000079a080000, 0x00000007c0000000)
  eden space 66560K, 99% used [0x0000000795580000,0x00000007996685f8,0x0000000799680000)
  from space 5120K, 99% used [0x0000000799b80000,0x000000079a07b9f8,0x000000079a080000)
  to   space 5120K, 0% used [0x0000000799680000,0x0000000799680000,0x0000000799b80000)
 ParOldGen       total 87552K, used 6705K [0x0000000740000000, 0x0000000745580000, 0x0000000795580000)
  object space 87552K, 7% used [0x0000000740000000,0x000000074068c430,0x0000000745580000)
 Metaspace       used 16584K, capacity 17500K, committed 17792K, reserved 1064960K
  class space    used 2362K, capacity 2591K, committed 2688K, reserved 1048576K
Event: 1.502 GC heap after
Heap after GC invocations=5 (full 0):
 PSYoungGen      total 71680K, used 5105K [0x0000000795580000, 0x000000079ee80000, 0x00000007c0000000)
  eden space 66560K, 0% used [0x0000000795580000,0x0000000795580000,0x0000000799680000)
  from space 5120K, 99% used [0x0000000799680000,0x0000000799b7c770,0x0000000799b80000)
  to   space 11776K, 0% used [0x000000079e300000,0x000000079e300000,0x000000079ee80000)
 ParOldGen       total 87552K, used 6761K [0x0000000740000000, 0x0000000745580000, 0x0000000795580000)
  object space 87552K, 7% used [0x0000000740000000,0x000000074069a480,0x0000000745580000)
 Metaspace       used 16584K, capacity 17500K, committed 17792K, reserved 1064960K
  class space    used 2362K, capacity 2591K, committed 2688K, reserved 1048576K
}
Event: 1.514 GC heap before
{Heap before GC invocations=6 (full 0):
 PSYoungGen      total 71680K, used 71644K [0x0000000795580000, 0x000000079ee80000, 0x00000007c0000000)
  eden space 66560K, 99% used [0x0000000795580000,0x000000079967a9f8,0x0000000799680000)
  from space 5120K, 99% used [0x0000000799680000,0x0000000799b7c770,0x0000000799b80000)
  to   space 11776K, 0% used [0x000000079e300000,0x000000079e300000,0x000000079ee80000)
 ParOldGen       total 87552K, used 6761K [0x0000000740000000, 0x0000000745580000, 0x0000000795580000)
  object space 87552K, 7% used [0x0000000740000000,0x000000074069a480,0x0000000745580000)
 Metaspace       used 16584K, capacity 17500K, committed 17792K, reserved 1064960K
  class space    used 2362K, capacity 2591K, committed 2688K, reserved 1048576K
Event: 1.519 GC heap after
Heap after GC invocations=6 (full 0):
 PSYoungGen      total 143872K, used 5214K [0x0000000795580000, 0x000000079ed80000, 0x00000007c0000000)
  eden space 133120K, 0% used [0x0000000795580000,0x0000000795580000,0x000000079d780000)
  from space 10752K, 48% used [0x000000079e300000,0x000000079e8179b0,0x000000079ed80000)
  to   space 11264K, 0% used [0x000000079d780000,0x000000079d780000,0x000000079e280000)
 ParOldGen       total 87552K, used 6761K [0x0000000740000000, 0x0000000745580000, 0x0000000795580000)
  object space 87552K, 7% used [0x0000000740000000,0x000000074069a480,0x0000000745580000)
 Metaspace       used 16584K, capacity 17500K, committed 17792K, reserved 1064960K
  class space    used 2362K, capacity 2591K, committed 2688K, reserved 1048576K
}

